[debug] [2023-08-18T12:40:15.299Z] ----------------------------------------------------------------------
[debug] [2023-08-18T12:40:15.300Z] Command:       C:\Program Files\nodejs\node.exe C:\Users\saiya\AppData\Roaming\npm\node_modules\firebase-tools\lib\bin\firebase.js init
[debug] [2023-08-18T12:40:15.301Z] CLI Version:   12.4.8
[debug] [2023-08-18T12:40:15.301Z] Platform:      win32
[debug] [2023-08-18T12:40:15.301Z] Node Version:  v18.17.1
[debug] [2023-08-18T12:40:15.303Z] Time:          Fri Aug 18 2023 15:40:15 GMT+0300 (שעון ישראל (קיץ))
[debug] [2023-08-18T12:40:15.303Z] ----------------------------------------------------------------------
[debug] 
[debug] [2023-08-18T12:40:15.313Z] > command requires scopes: ["email","openid","https://www.googleapis.com/auth/cloudplatformprojects.readonly","https://www.googleapis.com/auth/firebase","https://www.googleapis.com/auth/cloud-platform"]
[debug] [2023-08-18T12:40:15.313Z] > authorizing via signed-in user (tomthedevbusiness@gmail.com)
[info] 
     ######## #### ########  ######## ########     ###     ######  ########
     ##        ##  ##     ## ##       ##     ##  ##   ##  ##       ##
     ######    ##  ########  ######   ########  #########  ######  ######
     ##        ##  ##    ##  ##       ##     ## ##     ##       ## ##
     ##       #### ##     ## ######## ########  ##     ##  ######  ########

You're about to initialize a Firebase project in this directory:

  C:\Users\saiya\my-react-firebase-app

[debug] [2023-08-18T12:42:48.305Z] ----------------------------------------------------------------------
[debug] [2023-08-18T12:42:48.307Z] Command:       C:\Program Files\nodejs\node.exe C:\Users\saiya\AppData\Roaming\npm\node_modules\firebase-tools\lib\bin\firebase.js init
[debug] [2023-08-18T12:42:48.307Z] CLI Version:   12.4.8
[debug] [2023-08-18T12:42:48.308Z] Platform:      win32
[debug] [2023-08-18T12:42:48.308Z] Node Version:  v18.17.1
[debug] [2023-08-18T12:42:48.310Z] Time:          Fri Aug 18 2023 15:42:48 GMT+0300 (שעון ישראל (קיץ))
[debug] [2023-08-18T12:42:48.310Z] ----------------------------------------------------------------------
[debug] 
[debug] [2023-08-18T12:42:48.321Z] > command requires scopes: ["email","openid","https://www.googleapis.com/auth/cloudplatformprojects.readonly","https://www.googleapis.com/auth/firebase","https://www.googleapis.com/auth/cloud-platform"]
[debug] [2023-08-18T12:42:48.321Z] > authorizing via signed-in user (tomthedevbusiness@gmail.com)
[info] 
     ######## #### ########  ######## ########     ###     ######  ########
     ##        ##  ##     ## ##       ##     ##  ##   ##  ##       ##
     ######    ##  ########  ######   ########  #########  ######  ######
     ##        ##  ##    ##  ##       ##     ## ##     ##       ## ##
     ##       #### ##     ## ######## ########  ##     ##  ######  ########

You're about to initialize a Firebase project in this directory:

  C:\Users\saiya\my-react-firebase-app

[info] 
=== Project Setup
[info] 
[info] First, let's associate this project directory with a Firebase project.
[info] You can create multiple project aliases by running firebase use --add, 
[info] but for now we'll just set up a default project.
[info] 
[debug] [2023-08-18T12:43:47.777Z] >>> [apiv2][query] GET https://firebase.googleapis.com/v1beta1/projects pageSize=100
[debug] [2023-08-18T12:43:48.408Z] <<< [apiv2][status] GET https://firebase.googleapis.com/v1beta1/projects 200
[debug] [2023-08-18T12:43:48.408Z] <<< [apiv2][body] GET https://firebase.googleapis.com/v1beta1/projects [omitted]
[info] i  Using project fir-course-3f41f (firebase-course) 
[info] 
=== Hosting Setup
[info] 
[info] Your public directory is the folder (relative to your project directory) that
[info] will contain Hosting assets to be uploaded with firebase deploy. If you
[info] have a build process for your assets, use your build's output directory.
[info] 
[info] +  Wrote public/404.html 
[debug] [2023-08-18T12:47:43.138Z] >>> [apiv2][query] GET https://www.gstatic.com/firebasejs/releases.json [none]
[debug] [2023-08-18T12:47:43.325Z] <<< [apiv2][status] GET https://www.gstatic.com/firebasejs/releases.json 200
[debug] [2023-08-18T12:47:43.325Z] <<< [apiv2][body] GET https://www.gstatic.com/firebasejs/releases.json {"current":{"version":"10.2.0","browserURL":"https://www.gstatic.com/firebasejs/10.2.0/firebase.js","packageURL":"https://www.gstatic.com/firebasejs/10.2.0/firebase.tgz"},"live":{"version":"10.2","browserURL":"https://www.gstatic.com/firebasejs/live/10.2/firebase.js","packageURL":"https://www.gstatic.com/firebasejs/live/10.2/firebase.tgz"},"components":{"analytics":"https://www.gstatic.com/firebasejs/10.2.0/firebase-analytics.js","app":"https://www.gstatic.com/firebasejs/10.2.0/firebase-app.js","app-check":"https://www.gstatic.com/firebasejs/10.2.0/firebase-app-check.js","auth":"https://www.gstatic.com/firebasejs/10.2.0/firebase-auth.js","auth/cordova":"https://www.gstatic.com/firebasejs/10.2.0/firebase-auth/cordova.js","functions":"https://www.gstatic.com/firebasejs/10.2.0/firebase-functions.js","firestore":"https://www.gstatic.com/firebasejs/10.2.0/firebase-firestore.js","firestore/lite":"https://www.gstatic.com/firebasejs/10.2.0/firebase-firestore/lite.js","installations":"https://www.gstatic.com/firebasejs/10.2.0/firebase-installations.js","storage":"https://www.gstatic.com/firebasejs/10.2.0/firebase-storage.js","performance":"https://www.gstatic.com/firebasejs/10.2.0/firebase-performance.js","remote-config":"https://www.gstatic.com/firebasejs/10.2.0/firebase-remote-config.js","messaging":"https://www.gstatic.com/firebasejs/10.2.0/firebase-messaging.js","messaging/sw":"https://www.gstatic.com/firebasejs/10.2.0/firebase-messaging/sw.js","database":"https://www.gstatic.com/firebasejs/10.2.0/firebase-database.js","firestore.memory":"https://www.gstatic.com/firebasejs/10.2.0/firebase-firestore.memory.js"}}
[info] i  Skipping write of public/index.html 
[info] 
[info] i  Didn't detect a .git folder. Assuming C:\Users\saiya\my-react-firebase-app is the project root. 
[info] i  Authorizing with GitHub to upload your service account to a GitHub repository's secrets store. 
[info] 
[info] Visit this URL on this device to log in:
[info] https://github.com/login/oauth/authorize?client_id=89cf50f02ac6aaed3484&state=784986853&redirect_uri=http%3A%2F%2Flocalhost%3A9005&scope=read%3Auser%20repo%20public_repo
[info] 
[info] Waiting for authentication...
[debug] [2023-08-18T12:48:20.566Z] >>> [apiv2][query] POST https://github.com/login/oauth/access_token [none]
[debug] [2023-08-18T12:48:20.566Z] >>> [apiv2][body] POST https://github.com/login/oauth/access_token [stream]
[debug] [2023-08-18T12:48:21.002Z] <<< [apiv2][status] POST https://github.com/login/oauth/access_token 200
[debug] [2023-08-18T12:48:21.002Z] <<< [apiv2][body] POST https://github.com/login/oauth/access_token {"access_token":"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","token_type":"bearer","scope":"read:user,repo"}
[debug] [2023-08-18T12:48:21.008Z] >>> [apiv2][query] GET https://api.github.com/user [none]
[debug] [2023-08-18T12:48:21.415Z] <<< [apiv2][status] GET https://api.github.com/user 200
[debug] [2023-08-18T12:48:21.415Z] <<< [apiv2][body] GET https://api.github.com/user {"login":"Tomerz54","id":108326200,"node_id":"U_kgDOBnTtOA","avatar_url":"https://avatars.githubusercontent.com/u/108326200?v=4","gravatar_id":"","url":"https://api.github.com/users/Tomerz54","html_url":"https://github.com/Tomerz54","followers_url":"https://api.github.com/users/Tomerz54/followers","following_url":"https://api.github.com/users/Tomerz54/following{/other_user}","gists_url":"https://api.github.com/users/Tomerz54/gists{/gist_id}","starred_url":"https://api.github.com/users/Tomerz54/starred{/owner}{/repo}","subscriptions_url":"https://api.github.com/users/Tomerz54/subscriptions","organizations_url":"https://api.github.com/users/Tomerz54/orgs","repos_url":"https://api.github.com/users/Tomerz54/repos","events_url":"https://api.github.com/users/Tomerz54/events{/privacy}","received_events_url":"https://api.github.com/users/Tomerz54/received_events","type":"User","site_admin":false,"name":null,"company":null,"blog":"","location":null,"email":null,"hireable":null,"bio":null,"twitter_username":null,"public_repos":8,"public_gists":0,"followers":1,"following":0,"created_at":"2022-06-28T07:14:20Z","updated_at":"2023-07-21T19:33:55Z","private_gists":0,"total_private_repos":1,"owned_private_repos":1,"disk_usage":13820,"collaborators":0,"two_factor_authentication":false,"plan":{"name":"free","space":976562499,"collaborators":0,"private_repos":10000}}
[info] 
[info] +  Success! Logged into GitHub as Tomerz54 
[info] 
